#
# A fatal error has been detected by the Java Runtime Environment:
#
#  SIGSEGV (0xb) at pc=0x00007f0c20000088, pid=4598, tid=139690473846528
#
# JRE version: Java(TM) SE Runtime Environment (8.0_51-b16) (build 1.8.0_51-b16)
# Java VM: Java HotSpot(TM) 64-Bit Server VM (25.51-b03 mixed mode linux-amd64 compressed oops)
# Problematic frame:
# C  0x00007f0c20000088
#
# Failed to write core dump. Core dumps have been disabled. To enable core dumping, try "ulimit -c unlimited" before starting Java again
#
# If you would like to submit a bug report, please visit:
#   http://bugreport.java.com/bugreport/crash.jsp
#

---------------  T H R E A D  ---------------

Current thread (0x00007f0c4c0c2000):  JavaThread "JDWP Transport Listener: dt_socket" daemon [_thread_in_vm, id=4614, stack(0x00007f0c39027000,0x00007f0c39128000)]

siginfo: si_signo: 11 (SIGSEGV), si_code: 2 (SEGV_ACCERR), si_addr: 0x00007f0c20000088

Registers:
RAX=0x00007f0c20000088, RBX=0x00007f0c20000098, RCX=0x00007f0c53d72320, RDX=0x00007f0c5334fba0
RSP=0x00007f0c39126a08, RBP=0x00007f0c39126a20, RSI=0x00007f0c4c0c2000, RDI=0x00007f0c20000098
R8 =0x00007f0c4c0bb1f0, R9 =0x00007f0c534c4160, R10=0x0000000000000001, R11=0x00007f0c53500e70
R12=0x0000000000000017, R13=0x00007f0c200000a8, R14=0x00007f0c4c0c2000, R15=0x00007f0c39126b27
RIP=0x00007f0c20000088, EFLAGS=0x0000000000010202, CSGSFS=0x0000000000000033, ERR=0x0000000000000015
  TRAPNO=0x000000000000000e

Top of Stack: (sp=0x00007f0c39126a08)
0x00007f0c39126a08:   00007f0c52c4a6a7 0000000000000074
0x00007f0c39126a18:   00007f0c4c0040b0 00007f0c39126a90
0x00007f0c39126a28:   00007f0c52adbf9e 00007f0c4c0040b0
0x00007f0c39126a38:   00007f0c39126a40 00007f0c4c0c2000
0x00007f0c39126a48:   0000000000000000 00007f0c00000000
0x00007f0c39126a58:   0000000000000000 00007f0c39126a70
0x00007f0c39126a68:   00007f0c51a67e40 00007f0c200000a8
0x00007f0c39126a78:   00007f0c39126b27 0000000000000000
0x00007f0c39126a88:   00007f0c39126b27 00007f0c39126ac0
0x00007f0c39126a98:   00007f0c518538c2 00007f0c39126ac0
0x00007f0c39126aa8:   00007f0c200000a8 00007f0c39126b90
0x00007f0c39126ab8:   0000000000000000 00007f0c39126b50
0x00007f0c39126ac8:   00007f0c51834aa0 00007f0c39126b08
0x00007f0c39126ad8:   00007f0c39126b00 00007f0c39126af8
0x00007f0c39126ae8:   00007f0c39126b1c 0000000120003380
0x00007f0c39126af8:   0000000000000000 0000000000000000
0x00007f0c39126b08:   0000000000000000 00007f0c20012350
0x00007f0c39126b18:   00007f0c39126b90 0000000000000006
0x00007f0c39126b28:   0000000000000002 000000000000000f
0x00007f0c39126b38:   0000000000000002 00000000000f0200
0x00007f0c39126b48:   000000000000000f 00007f0c39126da0
0x00007f0c39126b58:   00007f0c5183f9c6 000020f900000013
0x00007f0c39126b68:   00007f0c520f0200 00007f0c18000ba0
0x00007f0c39126b78:   0000000000000000 00007f0c39126b90
0x00007f0c39126b88:   00007f0c39126d20 00007f0c39126be4
0x00007f0c39126b98:   00007f0c00000128 00007f0c39126ba8
0x00007f0c39126ba8:   0000000000000004 00007f0c39126be0
0x00007f0c39126bb8:   0000000000000000 00007f0000000000
0x00007f0c39126bc8:   000020f90000000f 00007f0c00006d80
0x00007f0c39126bd8:   00007f0c39126be0 6f6d655206000000
0x00007f0c39126be8:   6f72746e6f436574 00006176616a2e6c
0x00007f0c39126bf8:   0000000000000000 2f676e2700000000 

Instructions: (pc=0x00007f0c20000088)
0x00007f0c20000068:   00 00 00 00 00 00 00 00 00 00 00 00 00 00 00 00
0x00007f0c20000078:   30 3b 01 20 0c 7f 00 00 b0 61 00 20 0c 7f 00 00
0x00007f0c20000088:   78 00 00 20 0c 7f 00 00 78 00 00 20 0c 7f 00 00
0x00007f0c20000098:   88 00 00 20 0c 7f 00 00 88 00 00 20 0c 7f 00 00 

Register to memory mapping:

RAX=0x00007f0c20000088 is an unknown value
RBX=0x00007f0c20000098 is an unknown value
RCX=0x00007f0c53d72320: <offset 0x219320> in /lib/x86_64-linux-gnu/libpthread.so.0 at 0x00007f0c53b59000
RDX=0x00007f0c5334fba0: <offset 0xf9eba0> in /home/tomek/Desktop/java_jdk/jdk1.8.0_51/jre/lib/amd64/server/libjvm.so at 0x00007f0c523b1000
RSP=0x00007f0c39126a08 is pointing into the stack for thread: 0x00007f0c4c0c2000
RBP=0x00007f0c39126a20 is pointing into the stack for thread: 0x00007f0c4c0c2000
RSI=0x00007f0c4c0c2000 is a thread
RDI=0x00007f0c20000098 is an unknown value
R8 =0x00007f0c4c0bb1f0 is an unknown value
R9 =0x00007f0c534c4160: <offset 0x14a160> in /lib/x86_64-linux-gnu/libc.so.6 at 0x00007f0c5337a000
R10=0x0000000000000001 is an unknown value
R11=0x00007f0c53500e70: <offset 0x186e70> in /lib/x86_64-linux-gnu/libc.so.6 at 0x00007f0c5337a000
R12=0x0000000000000017 is an unknown value
R13=0x00007f0c200000a8 is an unknown value
R14=0x00007f0c4c0c2000 is a thread
R15=0x00007f0c39126b27 is pointing into the stack for thread: 0x00007f0c4c0c2000


Stack: [0x00007f0c39027000,0x00007f0c39128000],  sp=0x00007f0c39126a08,  free space=1022k
Native frames: (J=compiled Java code, j=interpreted, Vv=VM code, C=native code)
C  0x00007f0c20000088
V  [libjvm.so+0x72af9e]